<?xml version="1.0" encoding="UTF-8"?>
<coverage generated="1618923598756" clover="3.2.0">
  <project timestamp="1618923598757" name="All files">
    <metrics statements="22" coveredstatements="1" conditionals="2" coveredconditionals="0" methods="8" coveredmethods="1" elements="32" coveredelements="2" complexity="0" loc="22" ncloc="22" packages="2" files="7" classes="7"/>
    <package name="components">
      <metrics statements="17" coveredstatements="1" conditionals="2" coveredconditionals="0" methods="7" coveredmethods="1"/>
      <file name="appAddCollection.vue" path="/Users/joao.souza/Documents/projects/NotesAPP/notesapp/components/appAddCollection.vue">
        <metrics statements="1" coveredstatements="0" conditionals="0" coveredconditionals="0" methods="0" coveredmethods="0"/>
        <line num="11" count="0" type="stmt"/>
      </file>
      <file name="appCollection.vue" path="/Users/joao.souza/Documents/projects/NotesAPP/notesapp/components/appCollection.vue">
        <metrics statements="1" coveredstatements="0" conditionals="0" coveredconditionals="0" methods="0" coveredmethods="0"/>
        <line num="16" count="0" type="stmt"/>
      </file>
      <file name="appHeader.vue" path="/Users/joao.souza/Documents/projects/NotesAPP/notesapp/components/appHeader.vue">
        <metrics statements="1" coveredstatements="1" conditionals="0" coveredconditionals="0" methods="1" coveredmethods="1"/>
        <line num="24" count="1" type="stmt"/>
      </file>
      <file name="appModal.vue" path="/Users/joao.souza/Documents/projects/NotesAPP/notesapp/components/appModal.vue">
        <metrics statements="4" coveredstatements="0" conditionals="2" coveredconditionals="0" methods="1" coveredmethods="0"/>
        <line num="10" count="0" type="stmt"/>
        <line num="11" count="0" type="stmt"/>
        <line num="27" count="0" type="cond" truecount="0" falsecount="2"/>
        <line num="28" count="0" type="stmt"/>
      </file>
      <file name="dropDownMenu.vue" path="/Users/joao.souza/Documents/projects/NotesAPP/notesapp/components/dropDownMenu.vue">
        <metrics statements="3" coveredstatements="0" conditionals="0" coveredconditionals="0" methods="2" coveredmethods="0"/>
        <line num="16" count="0" type="stmt"/>
        <line num="21" count="0" type="stmt"/>
        <line num="32" count="0" type="stmt"/>
      </file>
      <file name="formCollection.vue" path="/Users/joao.souza/Documents/projects/NotesAPP/notesapp/components/formCollection.vue">
        <metrics statements="7" coveredstatements="0" conditionals="0" coveredconditionals="0" methods="3" coveredmethods="0"/>
        <line num="28" count="0" type="stmt"/>
        <line num="29" count="0" type="stmt"/>
        <line num="34" count="0" type="stmt"/>
        <line num="48" count="0" type="stmt"/>
        <line num="49" count="0" type="stmt"/>
        <line num="53" count="0" type="stmt"/>
        <line num="54" count="0" type="stmt"/>
      </file>
    </package>
    <package name="pages">
      <metrics statements="5" coveredstatements="0" conditionals="0" coveredconditionals="0" methods="1" coveredmethods="0"/>
      <file name="index.vue" path="/Users/joao.souza/Documents/projects/NotesAPP/notesapp/pages/index.vue">
        <metrics statements="5" coveredstatements="0" conditionals="0" coveredconditionals="0" methods="1" coveredmethods="0"/>
        <line num="18" count="0" type="stmt"/>
        <line num="19" count="0" type="stmt"/>
        <line num="20" count="0" type="stmt"/>
        <line num="21" count="0" type="stmt"/>
        <line num="40" count="0" type="stmt"/>
      </file>
    </package>
  </project>
</coverage>
