{"/Users/joao.souza/Documents/projects/NotesAPP/notesapp/components/appAddCollection.vue": {"path":"/Users/joao.souza/Documents/projects/NotesAPP/notesapp/components/appAddCollection.vue","statementMap":{"0":{"start":{"line":12,"column":0},"end":{"line":12,"column":null}}},"fnMap":{},"branchMap":{},"s":{"0":2},"f":{},"b":{}}
,"/Users/joao.souza/Documents/projects/NotesAPP/notesapp/components/appCollection.vue": {"path":"/Users/joao.souza/Documents/projects/NotesAPP/notesapp/components/appCollection.vue","statementMap":{"0":{"start":{"line":16,"column":0},"end":{"line":16,"column":null}}},"fnMap":{},"branchMap":{},"s":{"0":1},"f":{},"b":{}}
,"/Users/joao.souza/Documents/projects/NotesAPP/notesapp/components/appHeader.vue": {"path":"/Users/joao.souza/Documents/projects/NotesAPP/notesapp/components/appHeader.vue","statementMap":{"0":{"start":{"line":24,"column":0},"end":{"line":24,"column":null}}},"fnMap":{"0":{"name":"(anonymous_1)","decl":{"start":{"line":23,"column":0},"end":{"line":23,"column":null}},"loc":{"start":{"line":23,"column":0},"end":{"line":27,"column":null}}}},"branchMap":{},"s":{"0":1},"f":{"0":1},"b":{}}
,"/Users/joao.souza/Documents/projects/NotesAPP/notesapp/components/appModal.vue": {"path":"/Users/joao.souza/Documents/projects/NotesAPP/notesapp/components/appModal.vue","statementMap":{"0":{"start":{"line":10,"column":0},"end":{"line":10,"column":null}},"1":{"start":{"line":11,"column":0},"end":{"line":11,"column":null}},"2":{"start":{"line":23,"column":0},"end":{"line":25,"column":null}},"3":{"start":{"line":24,"column":0},"end":{"line":24,"column":null}}},"fnMap":{"0":{"name":"(anonymous_2)","decl":{"start":{"line":22,"column":0},"end":{"line":22,"column":null}},"loc":{"start":{"line":22,"column":0},"end":{"line":26,"column":null}}}},"branchMap":{"0":{"loc":{"start":{"line":23,"column":0},"end":{"line":25,"column":null}},"type":"if","locations":[{"start":{"line":23,"column":0},"end":{"line":25,"column":null}},{"start":{"line":23,"column":0},"end":{"line":25,"column":null}}]}},"s":{"0":2,"1":2,"2":1,"3":1},"f":{"0":1},"b":{"0":[1,0]}}
,"/Users/joao.souza/Documents/projects/NotesAPP/notesapp/components/dropDownMenu.vue": {"path":"/Users/joao.souza/Documents/projects/NotesAPP/notesapp/components/dropDownMenu.vue","statementMap":{"0":{"start":{"line":19,"column":0},"end":{"line":19,"column":null}},"1":{"start":{"line":24,"column":0},"end":{"line":24,"column":null}},"2":{"start":{"line":35,"column":0},"end":{"line":35,"column":null}}},"fnMap":{"0":{"name":"(anonymous_1)","decl":{"start":{"line":23,"column":0},"end":{"line":23,"column":null}},"loc":{"start":{"line":23,"column":0},"end":{"line":27,"column":null}}},"1":{"name":"(anonymous_2)","decl":{"start":{"line":34,"column":0},"end":{"line":34,"column":null}},"loc":{"start":{"line":34,"column":0},"end":{"line":36,"column":null}}}},"branchMap":{},"s":{"0":2,"1":2,"2":1},"f":{"0":2,"1":1},"b":{}}
,"/Users/joao.souza/Documents/projects/NotesAPP/notesapp/components/formCollection.vue": {"path":"/Users/joao.souza/Documents/projects/NotesAPP/notesapp/components/formCollection.vue","statementMap":{"0":{"start":{"line":30,"column":0},"end":{"line":30,"column":null}},"1":{"start":{"line":31,"column":0},"end":{"line":31,"column":null}},"2":{"start":{"line":36,"column":0},"end":{"line":36,"column":null}},"3":{"start":{"line":50,"column":0},"end":{"line":50,"column":null}},"4":{"start":{"line":51,"column":0},"end":{"line":51,"column":null}},"5":{"start":{"line":54,"column":0},"end":{"line":54,"column":null}},"6":{"start":{"line":55,"column":0},"end":{"line":55,"column":null}}},"fnMap":{"0":{"name":"(anonymous_1)","decl":{"start":{"line":35,"column":0},"end":{"line":35,"column":null}},"loc":{"start":{"line":35,"column":0},"end":{"line":39,"column":null}}},"1":{"name":"(anonymous_2)","decl":{"start":{"line":49,"column":0},"end":{"line":49,"column":null}},"loc":{"start":{"line":49,"column":0},"end":{"line":52,"column":null}}},"2":{"name":"(anonymous_3)","decl":{"start":{"line":53,"column":0},"end":{"line":53,"column":null}},"loc":{"start":{"line":53,"column":0},"end":{"line":56,"column":null}}}},"branchMap":{},"s":{"0":2,"1":2,"2":4,"3":1,"4":1,"5":1,"6":1},"f":{"0":4,"1":1,"2":1},"b":{}}
,"/Users/joao.souza/Documents/projects/NotesAPP/notesapp/pages/index.vue": {"path":"/Users/joao.souza/Documents/projects/NotesAPP/notesapp/pages/index.vue","statementMap":{"0":{"start":{"line":18,"column":0},"end":{"line":18,"column":null}},"1":{"start":{"line":19,"column":0},"end":{"line":19,"column":null}},"2":{"start":{"line":20,"column":0},"end":{"line":20,"column":null}},"3":{"start":{"line":21,"column":0},"end":{"line":21,"column":null}},"4":{"start":{"line":40,"column":0},"end":{"line":40,"column":null}}},"fnMap":{"0":{"name":"(anonymous_2)","decl":{"start":{"line":39,"column":0},"end":{"line":39,"column":null}},"loc":{"start":{"line":39,"column":0},"end":{"line":41,"column":null}}}},"branchMap":{},"s":{"0":1,"1":1,"2":1,"3":1,"4":1},"f":{"0":1},"b":{}}
}
