TN:
SF:components/appAddCollection.vue
FNF:0
FNH:0
DA:12,2
LF:1
LH:1
BRF:0
BRH:0
end_of_record
TN:
SF:components/appCollection.vue
FNF:0
FNH:0
DA:16,1
LF:1
LH:1
BRF:0
BRH:0
end_of_record
TN:
SF:components/appHeader.vue
FN:23,(anonymous_1)
FNF:1
FNH:1
FNDA:1,(anonymous_1)
DA:24,1
LF:1
LH:1
BRF:0
BRH:0
end_of_record
TN:
SF:components/appModal.vue
FN:22,(anonymous_2)
FNF:1
FNH:1
FNDA:2,(anonymous_2)
DA:10,2
DA:11,2
DA:23,2
DA:24,1
LF:4
LH:4
BRDA:23,0,0,1
BRDA:23,0,1,1
BRF:2
BRH:2
end_of_record
TN:
SF:components/dropDownMenu.vue
FN:23,(anonymous_1)
FN:34,(anonymous_2)
FNF:2
FNH:2
FNDA:2,(anonymous_1)
FNDA:1,(anonymous_2)
DA:19,2
DA:24,2
DA:35,1
LF:3
LH:3
BRF:0
BRH:0
end_of_record
TN:
SF:components/formCollection.vue
FN:35,(anonymous_1)
FN:49,(anonymous_2)
FN:53,(anonymous_3)
FNF:3
FNH:3
FNDA:5,(anonymous_1)
FNDA:1,(anonymous_2)
FNDA:1,(anonymous_3)
DA:30,2
DA:31,2
DA:36,5
DA:50,1
DA:51,1
DA:54,1
DA:55,1
LF:7
LH:7
BRF:0
BRH:0
end_of_record
TN:
SF:pages/index.vue
FN:39,(anonymous_2)
FNF:1
FNH:1
FNDA:1,(anonymous_2)
DA:18,1
DA:19,1
DA:20,1
DA:21,1
DA:40,1
LF:5
LH:5
BRF:0
BRH:0
end_of_record
