TN:
SF:components/appAddCollection.vue
FNF:0
FNH:0
DA:11,0
LF:1
LH:0
BRF:0
BRH:0
end_of_record
TN:
SF:components/appCollection.vue
FNF:0
FNH:0
DA:16,0
LF:1
LH:0
BRF:0
BRH:0
end_of_record
TN:
SF:components/appHeader.vue
FN:23,(anonymous_1)
FNF:1
FNH:1
FNDA:1,(anonymous_1)
DA:24,1
LF:1
LH:1
BRF:0
BRH:0
end_of_record
TN:
SF:components/appModal.vue
FN:26,(anonymous_2)
FNF:1
FNH:0
FNDA:0,(anonymous_2)
DA:10,0
DA:11,0
DA:27,0
DA:28,0
LF:4
LH:0
BRDA:27,0,0,0
BRDA:27,0,1,0
BRF:2
BRH:0
end_of_record
TN:
SF:components/dropDownMenu.vue
FN:20,(anonymous_1)
FN:31,(anonymous_2)
FNF:2
FNH:0
FNDA:0,(anonymous_1)
FNDA:0,(anonymous_2)
DA:16,0
DA:21,0
DA:32,0
LF:3
LH:0
BRF:0
BRH:0
end_of_record
TN:
SF:components/formCollection.vue
FN:33,(anonymous_1)
FN:47,(anonymous_2)
FN:51,(anonymous_3)
FNF:3
FNH:0
FNDA:0,(anonymous_1)
FNDA:0,(anonymous_2)
FNDA:0,(anonymous_3)
DA:28,0
DA:29,0
DA:34,0
DA:48,0
DA:49,0
DA:53,0
DA:54,0
LF:7
LH:0
BRF:0
BRH:0
end_of_record
TN:
SF:pages/index.vue
FN:39,(anonymous_2)
FNF:1
FNH:0
FNDA:0,(anonymous_2)
DA:18,0
DA:19,0
DA:20,0
DA:21,0
DA:40,0
LF:5
LH:0
BRF:0
BRH:0
end_of_record
